{
  "stats": {
    "suites": 6,
    "tests": 10,
    "passes": 10,
    "pending": 0,
    "failures": 0,
    "start": "2024-11-27T14:05:26.797Z",
    "end": "2024-11-27T14:05:26.802Z",
    "duration": 5,
    "testsRegistered": 10,
    "passPercent": 100,
    "pendingPercent": 0,
    "other": 0,
    "hasOther": false,
    "skipped": 0,
    "hasSkipped": false
  },
  "results": [
    {
      "uuid": "6209d7cf-f859-4b96-b77f-1a0549b821e2",
      "title": "",
      "fullFile": "/Users/carloshidalgohernandez/Downloads/utils_project-2/test/utils.test.js",
      "file": "/test/utils.test.js",
      "beforeHooks": [],
      "afterHooks": [],
      "tests": [],
      "suites": [
        {
          "uuid": "1de67a69-ebb0-4e0b-849c-10fd44100b22",
          "title": "Pruebas de funciones de utilidades",
          "fullFile": "/Users/carloshidalgohernandez/Downloads/utils_project-2/test/utils.test.js",
          "file": "/test/utils.test.js",
          "beforeHooks": [],
          "afterHooks": [],
          "tests": [],
          "suites": [
            {
              "uuid": "8d22652c-1943-47c8-9a83-a4edaccd63b8",
              "title": "1.- Devuelve el cuadrado de un número",
              "fullFile": "/Users/carloshidalgohernandez/Downloads/utils_project-2/test/utils.test.js",
              "file": "/test/utils.test.js",
              "beforeHooks": [],
              "afterHooks": [],
              "tests": [
                {
                  "title": "debe devolver el cuadrado de un número positivo",
                  "fullTitle": "Pruebas de funciones de utilidades 1.- Devuelve el cuadrado de un número debe devolver el cuadrado de un número positivo",
                  "timedOut": false,
                  "duration": 1,
                  "state": "passed",
                  "speed": "fast",
                  "pass": true,
                  "fail": false,
                  "pending": false,
                  "context": null,
                  "code": "expect(cuadrado(5)).to.equal(25);",
                  "err": {},
                  "uuid": "832b0e0f-d0eb-45c9-9f1c-64dfd0719c4c",
                  "parentUUID": "8d22652c-1943-47c8-9a83-a4edaccd63b8",
                  "isHook": false,
                  "skipped": false
                },
                {
                  "title": "debe devolver el cuadrado de un número negativo",
                  "fullTitle": "Pruebas de funciones de utilidades 1.- Devuelve el cuadrado de un número debe devolver el cuadrado de un número negativo",
                  "timedOut": false,
                  "duration": 0,
                  "state": "passed",
                  "speed": "fast",
                  "pass": true,
                  "fail": false,
                  "pending": false,
                  "context": null,
                  "code": "expect(cuadrado(-3)).to.equal(9);",
                  "err": {},
                  "uuid": "76978d17-a581-4833-ba2e-5d2438b717a9",
                  "parentUUID": "8d22652c-1943-47c8-9a83-a4edaccd63b8",
                  "isHook": false,
                  "skipped": false
                }
              ],
              "suites": [],
              "passes": [
                "832b0e0f-d0eb-45c9-9f1c-64dfd0719c4c",
                "76978d17-a581-4833-ba2e-5d2438b717a9"
              ],
              "failures": [],
              "pending": [],
              "skipped": [],
              "duration": 1,
              "root": false,
              "rootEmpty": false,
              "_timeout": 2000
            },
            {
              "uuid": "884d4fd4-f608-48ba-bfd0-4dcaf0cc78e1",
              "title": "2.- Devuelve true si el número es impar, de lo contrario, devuelve false.",
              "fullFile": "/Users/carloshidalgohernandez/Downloads/utils_project-2/test/utils.test.js",
              "file": "/test/utils.test.js",
              "beforeHooks": [],
              "afterHooks": [],
              "tests": [
                {
                  "title": "debe devolver true para números impares",
                  "fullTitle": "Pruebas de funciones de utilidades 2.- Devuelve true si el número es impar, de lo contrario, devuelve false. debe devolver true para números impares",
                  "timedOut": false,
                  "duration": 1,
                  "state": "passed",
                  "speed": "fast",
                  "pass": true,
                  "fail": false,
                  "pending": false,
                  "context": null,
                  "code": "expect(esImpar(7)).to.be.true;",
                  "err": {},
                  "uuid": "2ce04279-4004-400c-ba4c-9517f3a2cf31",
                  "parentUUID": "884d4fd4-f608-48ba-bfd0-4dcaf0cc78e1",
                  "isHook": false,
                  "skipped": false
                },
                {
                  "title": "debe devolver false para números pares",
                  "fullTitle": "Pruebas de funciones de utilidades 2.- Devuelve true si el número es impar, de lo contrario, devuelve false. debe devolver false para números pares",
                  "timedOut": false,
                  "duration": 0,
                  "state": "passed",
                  "speed": "fast",
                  "pass": true,
                  "fail": false,
                  "pending": false,
                  "context": null,
                  "code": "expect(esImpar(10)).to.be.false;",
                  "err": {},
                  "uuid": "74cb6756-3da3-44f8-b86c-cd597cad9f46",
                  "parentUUID": "884d4fd4-f608-48ba-bfd0-4dcaf0cc78e1",
                  "isHook": false,
                  "skipped": false
                }
              ],
              "suites": [],
              "passes": [
                "2ce04279-4004-400c-ba4c-9517f3a2cf31",
                "74cb6756-3da3-44f8-b86c-cd597cad9f46"
              ],
              "failures": [],
              "pending": [],
              "skipped": [],
              "duration": 1,
              "root": false,
              "rootEmpty": false,
              "_timeout": 2000
            },
            {
              "uuid": "88004424-c2d8-4de3-847e-9082b0105a9a",
              "title": "3.- Devuelve el número mínimo de un arreglo de números.",
              "fullFile": "/Users/carloshidalgohernandez/Downloads/utils_project-2/test/utils.test.js",
              "file": "/test/utils.test.js",
              "beforeHooks": [],
              "afterHooks": [],
              "tests": [
                {
                  "title": "debe devolver el número más pequeño del arreglo",
                  "fullTitle": "Pruebas de funciones de utilidades 3.- Devuelve el número mínimo de un arreglo de números. debe devolver el número más pequeño del arreglo",
                  "timedOut": false,
                  "duration": 0,
                  "state": "passed",
                  "speed": "fast",
                  "pass": true,
                  "fail": false,
                  "pending": false,
                  "context": null,
                  "code": "expect(obtenerMinimo([10, 5, 8, 1])).to.equal(1);",
                  "err": {},
                  "uuid": "cdcc7c08-e8d3-47f7-8263-5353285098e9",
                  "parentUUID": "88004424-c2d8-4de3-847e-9082b0105a9a",
                  "isHook": false,
                  "skipped": false
                },
                {
                  "title": "debe devolver undefined para un arreglo vacío",
                  "fullTitle": "Pruebas de funciones de utilidades 3.- Devuelve el número mínimo de un arreglo de números. debe devolver undefined para un arreglo vacío",
                  "timedOut": false,
                  "duration": 0,
                  "state": "passed",
                  "speed": "fast",
                  "pass": true,
                  "fail": false,
                  "pending": false,
                  "context": null,
                  "code": "expect(obtenerMinimo([])).to.be.undefined;",
                  "err": {},
                  "uuid": "b8717e3d-7df6-4b72-85dc-8efe430045dd",
                  "parentUUID": "88004424-c2d8-4de3-847e-9082b0105a9a",
                  "isHook": false,
                  "skipped": false
                }
              ],
              "suites": [],
              "passes": [
                "cdcc7c08-e8d3-47f7-8263-5353285098e9",
                "b8717e3d-7df6-4b72-85dc-8efe430045dd"
              ],
              "failures": [],
              "pending": [],
              "skipped": [],
              "duration": 0,
              "root": false,
              "rootEmpty": false,
              "_timeout": 2000
            },
            {
              "uuid": "7a37ff79-efd4-46b4-a237-4a6dff1e6672",
              "title": "4.- Convierte una cadena con guiones a formato Camel Case.",
              "fullFile": "/Users/carloshidalgohernandez/Downloads/utils_project-2/test/utils.test.js",
              "file": "/test/utils.test.js",
              "beforeHooks": [],
              "afterHooks": [],
              "tests": [
                {
                  "title": "debe convertir una cadena con guiones a formato Camel Case",
                  "fullTitle": "Pruebas de funciones de utilidades 4.- Convierte una cadena con guiones a formato Camel Case. debe convertir una cadena con guiones a formato Camel Case",
                  "timedOut": false,
                  "duration": 0,
                  "state": "passed",
                  "speed": "fast",
                  "pass": true,
                  "fail": false,
                  "pending": false,
                  "context": null,
                  "code": "expect(aCamelCase('hola-mundo')).to.equal('holaMundo');",
                  "err": {},
                  "uuid": "78719ae6-181e-462a-b708-1e53dee2a86e",
                  "parentUUID": "7a37ff79-efd4-46b4-a237-4a6dff1e6672",
                  "isHook": false,
                  "skipped": false
                },
                {
                  "title": "debe manejar cadenas de una sola palabra correctamente",
                  "fullTitle": "Pruebas de funciones de utilidades 4.- Convierte una cadena con guiones a formato Camel Case. debe manejar cadenas de una sola palabra correctamente",
                  "timedOut": false,
                  "duration": 0,
                  "state": "passed",
                  "speed": "fast",
                  "pass": true,
                  "fail": false,
                  "pending": false,
                  "context": null,
                  "code": "expect(aCamelCase('hola')).to.equal('hola');",
                  "err": {},
                  "uuid": "176ea4a6-86c3-49c7-b4ce-9b96a27fb26c",
                  "parentUUID": "7a37ff79-efd4-46b4-a237-4a6dff1e6672",
                  "isHook": false,
                  "skipped": false
                }
              ],
              "suites": [],
              "passes": [
                "78719ae6-181e-462a-b708-1e53dee2a86e",
                "176ea4a6-86c3-49c7-b4ce-9b96a27fb26c"
              ],
              "failures": [],
              "pending": [],
              "skipped": [],
              "duration": 0,
              "root": false,
              "rootEmpty": false,
              "_timeout": 2000
            },
            {
              "uuid": "ceca8568-c624-4725-9440-14c9363c1f6b",
              "title": "5.- Devuelve un nuevo arreglo que contiene solo los números impares del arreglo original.",
              "fullFile": "/Users/carloshidalgohernandez/Downloads/utils_project-2/test/utils.test.js",
              "file": "/test/utils.test.js",
              "beforeHooks": [],
              "afterHooks": [],
              "tests": [
                {
                  "title": "debe devolver un arreglo con los números impares",
                  "fullTitle": "Pruebas de funciones de utilidades 5.- Devuelve un nuevo arreglo que contiene solo los números impares del arreglo original. debe devolver un arreglo con los números impares",
                  "timedOut": false,
                  "duration": 0,
                  "state": "passed",
                  "speed": "fast",
                  "pass": true,
                  "fail": false,
                  "pending": false,
                  "context": null,
                  "code": "expect(filtrarImpares([1, 2, 3, 4, 5])).to.eql([1, 3, 5]);",
                  "err": {},
                  "uuid": "92fa646b-926b-470c-8693-1813e357352f",
                  "parentUUID": "ceca8568-c624-4725-9440-14c9363c1f6b",
                  "isHook": false,
                  "skipped": false
                },
                {
                  "title": "debe devolver un arreglo vacío si no hay números impares",
                  "fullTitle": "Pruebas de funciones de utilidades 5.- Devuelve un nuevo arreglo que contiene solo los números impares del arreglo original. debe devolver un arreglo vacío si no hay números impares",
                  "timedOut": false,
                  "duration": 1,
                  "state": "passed",
                  "speed": "fast",
                  "pass": true,
                  "fail": false,
                  "pending": false,
                  "context": null,
                  "code": "expect(filtrarImpares([2, 4, 6, 8])).to.eql([]);",
                  "err": {},
                  "uuid": "4f34f9ef-3ec2-409a-85e5-d7d773793721",
                  "parentUUID": "ceca8568-c624-4725-9440-14c9363c1f6b",
                  "isHook": false,
                  "skipped": false
                }
              ],
              "suites": [],
              "passes": [
                "92fa646b-926b-470c-8693-1813e357352f",
                "4f34f9ef-3ec2-409a-85e5-d7d773793721"
              ],
              "failures": [],
              "pending": [],
              "skipped": [],
              "duration": 1,
              "root": false,
              "rootEmpty": false,
              "_timeout": 2000
            }
          ],
          "passes": [],
          "failures": [],
          "pending": [],
          "skipped": [],
          "duration": 0,
          "root": false,
          "rootEmpty": false,
          "_timeout": 2000
        }
      ],
      "passes": [],
      "failures": [],
      "pending": [],
      "skipped": [],
      "duration": 0,
      "root": true,
      "rootEmpty": true,
      "_timeout": 2000
    }
  ],
  "meta": {
    "mocha": {
      "version": "10.8.2"
    },
    "mochawesome": {
      "options": {
        "quiet": false,
        "reportFilename": "mochawesome",
        "saveHtml": true,
        "saveJson": true,
        "consoleReporter": "spec",
        "useInlineDiffs": false,
        "code": true
      },
      "version": "7.1.3"
    },
    "marge": {
      "options": null,
      "version": "6.2.0"
    }
  }
}